<?xml version="1.0" encoding="UTF-8"?>
<testsuite xmlns:xsi="http://www.w3.org/2001/XMLSchema-instance" xsi:noNamespaceSchemaLocation="https://maven.apache.org/surefire/maven-surefire-plugin/xsd/surefire-test-report.xsd" name="com.sms.SurveyManagementSystem.SurveyManagementSystemApplicationTests" time="14.439" tests="5" errors="0" skipped="0" failures="0">
  <properties>
[...]
</properties>
  <testcase name="addQuestion" classname="com.sms.SurveyManagementSystem.SurveyManagementSystemApplicationTests" time="1.076"/>
  <testcase name="deleteSurvey" classname="com.sms.SurveyManagementSystem.SurveyManagementSystemApplicationTests" time="0.019"/>
  <testcase name="addSurvey" classname="com.sms.SurveyManagementSystem.SurveyManagementSystemApplicationTests" time="0.013"/>
  <testcase name="testAddSurvey" classname="com.sms.SurveyManagementSystem.SurveyManagementSystemApplicationTests" time="0.334"/>
  <testcase name="deleteQuestion" classname="com.sms.SurveyManagementSystem.SurveyManagementSystemApplicationTests" time="0.026"/>
</testsuite>